<?xml version="1.0" encoding="UTF-8"?>
<!-- Generated by org.testng.reporters.JUnitXMLReporter -->
<testsuite ignored="0" hostname="DESKTOP-3DIUMVJ" failures="0" tests="6" name="Default test" time="39.386" errors="0" timestamp="2024-02-25T14:09:49 BDT">
  <testcase classname="androidtest.TestClass" name="TestAllDigitButtons" time="5.941"/>
  <testcase classname="androidtest.TestClass" name="TestAddition" time="2.371"/>
  <testcase classname="androidtest.TestClass" name="TestSubtraction" time="2.798"/>
  <testcase classname="androidtest.TestClass" name="TestMultiplication" time="2.782"/>
  <testcase classname="androidtest.TestClass" name="Division" time="2.801"/>
  <testcase classname="androidtest.TestClass" name="delete" time="2.725"/>
</testsuite> <!-- Default test -->
