<?xml version="1.0" encoding="UTF-8"?>
<!-- Generated by org.testng.reporters.JUnitXMLReporter -->
<testsuite ignored="0" hostname="DESKTOP-3DIUMVJ" failures="0" tests="6" name="Test" time="36.647" errors="0" timestamp="2024-02-25T14:11:02 BDT">
  <testcase classname="androidtest.TestClass" name="TestAllDigitButtons" time="6.275"/>
  <testcase classname="androidtest.TestClass" name="TestAddition" time="2.299"/>
  <testcase classname="androidtest.TestClass" name="TestSubtraction" time="3.038"/>
  <testcase classname="androidtest.TestClass" name="TestMultiplication" time="2.418"/>
  <testcase classname="androidtest.TestClass" name="Division" time="2.269"/>
  <testcase classname="androidtest.TestClass" name="delete" time="2.206"/>
</testsuite> <!-- Test -->
