<?xml version="1.0" encoding="UTF-8"?>
<testng-results ignored="0" total="6" passed="6" failed="0" skipped="0">
  <reporter-output>
  </reporter-output>
  <suite started-at="2024-02-25T14:10:25 BDT" name="Suite" finished-at="2024-02-25T14:11:02 BDT" duration-ms="36647">
    <groups>
    </groups>
    <test started-at="2024-02-25T14:10:25 BDT" name="Test" finished-at="2024-02-25T14:11:02 BDT" duration-ms="36647">
      <class name="androidtest.TestClass">
        <test-method is-config="true" signature="startUp()[pri:0, instance:androidtest.TestClass@639c2c1d]" started-at="2024-02-25T14:10:25 BDT" name="startUp" finished-at="2024-02-25T14:10:36 BDT" duration-ms="10693" status="PASS">
          <reporter-output>
          </reporter-output>
        </test-method> <!-- startUp -->
        <test-method signature="TestAllDigitButtons()[pri:1, instance:androidtest.TestClass@639c2c1d]" started-at="2024-02-25T14:10:36 BDT" name="TestAllDigitButtons" finished-at="2024-02-25T14:10:42 BDT" duration-ms="6275" status="PASS">
          <reporter-output>
          </reporter-output>
        </test-method> <!-- TestAllDigitButtons -->
        <test-method is-config="true" signature="ClearData()[pri:0, instance:androidtest.TestClass@639c2c1d]" started-at="2024-02-25T14:10:42 BDT" name="ClearData" finished-at="2024-02-25T14:10:43 BDT" duration-ms="1163" status="PASS">
          <reporter-output>
          </reporter-output>
        </test-method> <!-- ClearData -->
        <test-method signature="TestAddition()[pri:2, instance:androidtest.TestClass@639c2c1d]" started-at="2024-02-25T14:10:43 BDT" name="TestAddition" finished-at="2024-02-25T14:10:46 BDT" duration-ms="2299" status="PASS">
          <reporter-output>
          </reporter-output>
        </test-method> <!-- TestAddition -->
        <test-method is-config="true" signature="ClearData()[pri:0, instance:androidtest.TestClass@639c2c1d]" started-at="2024-02-25T14:10:46 BDT" name="ClearData" finished-at="2024-02-25T14:10:47 BDT" duration-ms="1219" status="PASS">
          <reporter-output>
          </reporter-output>
        </test-method> <!-- ClearData -->
        <test-method signature="TestSubtraction()[pri:3, instance:androidtest.TestClass@639c2c1d]" started-at="2024-02-25T14:10:47 BDT" name="TestSubtraction" finished-at="2024-02-25T14:10:50 BDT" duration-ms="3038" status="PASS">
          <reporter-output>
          </reporter-output>
        </test-method> <!-- TestSubtraction -->
        <test-method is-config="true" signature="ClearData()[pri:0, instance:androidtest.TestClass@639c2c1d]" started-at="2024-02-25T14:10:50 BDT" name="ClearData" finished-at="2024-02-25T14:10:51 BDT" duration-ms="1137" status="PASS">
          <reporter-output>
          </reporter-output>
        </test-method> <!-- ClearData -->
        <test-method signature="TestMultiplication()[pri:4, instance:androidtest.TestClass@639c2c1d]" started-at="2024-02-25T14:10:51 BDT" name="TestMultiplication" finished-at="2024-02-25T14:10:53 BDT" duration-ms="2418" status="PASS">
          <reporter-output>
          </reporter-output>
        </test-method> <!-- TestMultiplication -->
        <test-method is-config="true" signature="ClearData()[pri:0, instance:androidtest.TestClass@639c2c1d]" started-at="2024-02-25T14:10:53 BDT" name="ClearData" finished-at="2024-02-25T14:10:55 BDT" duration-ms="1112" status="PASS">
          <reporter-output>
          </reporter-output>
        </test-method> <!-- ClearData -->
        <test-method signature="Division()[pri:5, instance:androidtest.TestClass@639c2c1d]" started-at="2024-02-25T14:10:55 BDT" name="Division" finished-at="2024-02-25T14:10:57 BDT" duration-ms="2269" status="PASS">
          <reporter-output>
          </reporter-output>
        </test-method> <!-- Division -->
        <test-method is-config="true" signature="ClearData()[pri:0, instance:androidtest.TestClass@639c2c1d]" started-at="2024-02-25T14:10:57 BDT" name="ClearData" finished-at="2024-02-25T14:10:58 BDT" duration-ms="1160" status="PASS">
          <reporter-output>
          </reporter-output>
        </test-method> <!-- ClearData -->
        <test-method signature="delete()[pri:6, instance:androidtest.TestClass@639c2c1d]" started-at="2024-02-25T14:10:58 BDT" name="delete" finished-at="2024-02-25T14:11:00 BDT" duration-ms="2206" status="PASS">
          <reporter-output>
          </reporter-output>
        </test-method> <!-- delete -->
        <test-method is-config="true" signature="ClearData()[pri:0, instance:androidtest.TestClass@639c2c1d]" started-at="2024-02-25T14:11:00 BDT" name="ClearData" finished-at="2024-02-25T14:11:01 BDT" duration-ms="1124" status="PASS">
          <reporter-output>
          </reporter-output>
        </test-method> <!-- ClearData -->
        <test-method is-config="true" signature="TearDown()[pri:0, instance:androidtest.TestClass@639c2c1d]" started-at="2024-02-25T14:11:01 BDT" name="TearDown" finished-at="2024-02-25T14:11:02 BDT" duration-ms="485" status="PASS">
          <reporter-output>
          </reporter-output>
        </test-method> <!-- TearDown -->
      </class> <!-- androidtest.TestClass -->
    </test> <!-- Test -->
  </suite> <!-- Suite -->
</testng-results>
